21-04-16 21:22:42.555 :   task: dncnn_epoch50_snr10
  model: plain
  gpu_ids: [0]
  epoch_range: 50
  scale: 1
  n_channels: 1
  sigma: 10
  sigma_test: 25
  merge_bn: True
  merge_bn_startpoint: 4
  path:[
    root: results
    pretrained_netG: None
    task: results/dncnn_epoch50_snr10
    log: results/dncnn_epoch50_snr10
    options: results/dncnn_epoch50_snr10/options
    models: results/dncnn_epoch50_snr10/models
    images: results/dncnn_epoch50_snr10/images
  ]
  datasets:[
    train:[
      name: train_dataset
      dataset_type: dncnn7
      dataroot_H: trainsets/train_480_img
      dataroot_L: None
      H_size: 40
      dataloader_shuffle: True
      dataloader_num_workers: 8
      dataloader_batch_size: 1
      phase: train
      scale: 1
      n_channels: 1
    ]
    test:[
      name: test_dataset
      dataset_type: dncnn7
      dataroot_H: testsets/test_100_img
      dataroot_L: None
      phase: test
      scale: 1
      n_channels: 1
    ]
  ]
  netG:[
    net_type: dncnn
    in_nc: 1
    out_nc: 1
    nc: 64
    nb: 17
    gc: 32
    ng: 2
    reduction: 16
    act_mode: BR
    upsample_mode: convtranspose
    downsample_mode: strideconv
    init_type: orthogonal
    init_bn_type: uniform
    init_gain: 0.2
    scale: 1
  ]
  train:[
    G_lossfn_type: l1
    G_lossfn_weight: 1.0
    G_optimizer_type: adam
    G_optimizer_lr: 0.0001
    G_optimizer_clipgrad: None
    G_scheduler_type: MultiStepLR
    G_scheduler_milestones: [200, 400, 600, 800, 1000]
    G_scheduler_gamma: 0.5
    G_regularizer_orthstep: None
    G_regularizer_clipstep: None
    checkpoint_test: 12000
    checkpoint_save: 12000
    checkpoint_print: 1200
  ]
  opt_path: train_dncnn7.json
  is_train: True

21-04-16 21:22:42.555 : Random seed: 821
21-04-16 21:22:42.621 : Number of train images: 480, iters: 480
21-04-16 21:23:22.703 : 
Networks name: DnCNN
Params number: 557057
Net structure:
DnCNN(
  (model): Sequential(
    (0): Conv2d(1, 64, kernel_size=(3, 3), stride=(1, 1), padding=(1, 1))
    (1): ReLU(inplace=True)
    (2): Conv2d(64, 64, kernel_size=(3, 3), stride=(1, 1), padding=(1, 1))
    (3): BatchNorm2d(64, eps=0.0001, momentum=0.9, affine=True, track_running_stats=True)
    (4): ReLU(inplace=True)
    (5): Conv2d(64, 64, kernel_size=(3, 3), stride=(1, 1), padding=(1, 1))
    (6): BatchNorm2d(64, eps=0.0001, momentum=0.9, affine=True, track_running_stats=True)
    (7): ReLU(inplace=True)
    (8): Conv2d(64, 64, kernel_size=(3, 3), stride=(1, 1), padding=(1, 1))
    (9): BatchNorm2d(64, eps=0.0001, momentum=0.9, affine=True, track_running_stats=True)
    (10): ReLU(inplace=True)
    (11): Conv2d(64, 64, kernel_size=(3, 3), stride=(1, 1), padding=(1, 1))
    (12): BatchNorm2d(64, eps=0.0001, momentum=0.9, affine=True, track_running_stats=True)
    (13): ReLU(inplace=True)
    (14): Conv2d(64, 64, kernel_size=(3, 3), stride=(1, 1), padding=(1, 1))
    (15): BatchNorm2d(64, eps=0.0001, momentum=0.9, affine=True, track_running_stats=True)
    (16): ReLU(inplace=True)
    (17): Conv2d(64, 64, kernel_size=(3, 3), stride=(1, 1), padding=(1, 1))
    (18): BatchNorm2d(64, eps=0.0001, momentum=0.9, affine=True, track_running_stats=True)
    (19): ReLU(inplace=True)
    (20): Conv2d(64, 64, kernel_size=(3, 3), stride=(1, 1), padding=(1, 1))
    (21): BatchNorm2d(64, eps=0.0001, momentum=0.9, affine=True, track_running_stats=True)
    (22): ReLU(inplace=True)
    (23): Conv2d(64, 64, kernel_size=(3, 3), stride=(1, 1), padding=(1, 1))
    (24): BatchNorm2d(64, eps=0.0001, momentum=0.9, affine=True, track_running_stats=True)
    (25): ReLU(inplace=True)
    (26): Conv2d(64, 64, kernel_size=(3, 3), stride=(1, 1), padding=(1, 1))
    (27): BatchNorm2d(64, eps=0.0001, momentum=0.9, affine=True, track_running_stats=True)
    (28): ReLU(inplace=True)
    (29): Conv2d(64, 64, kernel_size=(3, 3), stride=(1, 1), padding=(1, 1))
    (30): BatchNorm2d(64, eps=0.0001, momentum=0.9, affine=True, track_running_stats=True)
    (31): ReLU(inplace=True)
    (32): Conv2d(64, 64, kernel_size=(3, 3), stride=(1, 1), padding=(1, 1))
    (33): BatchNorm2d(64, eps=0.0001, momentum=0.9, affine=True, track_running_stats=True)
    (34): ReLU(inplace=True)
    (35): Conv2d(64, 64, kernel_size=(3, 3), stride=(1, 1), padding=(1, 1))
    (36): BatchNorm2d(64, eps=0.0001, momentum=0.9, affine=True, track_running_stats=True)
    (37): ReLU(inplace=True)
    (38): Conv2d(64, 64, kernel_size=(3, 3), stride=(1, 1), padding=(1, 1))
    (39): BatchNorm2d(64, eps=0.0001, momentum=0.9, affine=True, track_running_stats=True)
    (40): ReLU(inplace=True)
    (41): Conv2d(64, 64, kernel_size=(3, 3), stride=(1, 1), padding=(1, 1))
    (42): BatchNorm2d(64, eps=0.0001, momentum=0.9, affine=True, track_running_stats=True)
    (43): ReLU(inplace=True)
    (44): Conv2d(64, 64, kernel_size=(3, 3), stride=(1, 1), padding=(1, 1))
    (45): BatchNorm2d(64, eps=0.0001, momentum=0.9, affine=True, track_running_stats=True)
    (46): ReLU(inplace=True)
    (47): Conv2d(64, 1, kernel_size=(3, 3), stride=(1, 1), padding=(1, 1))
  )
)

21-04-16 21:23:23.092 : 
 |  mean  |  min   |  max   |  std   || shape               
 |  0.001 | -0.074 |  0.073 |  0.025 | torch.Size([64, 1, 3, 3]) || model.0.weight
 |  0.000 |  0.000 |  0.000 |  0.000 | torch.Size([64]) || model.0.bias
 |  0.000 | -0.038 |  0.035 |  0.008 | torch.Size([64, 64, 3, 3]) || model.2.weight
 |  0.000 |  0.000 |  0.000 |  0.000 | torch.Size([64]) || model.2.bias
 |  0.559 |  0.102 |  0.991 |  0.246 | torch.Size([64]) || model.3.weight
 |  0.000 |  0.000 |  0.000 |  0.000 | torch.Size([64]) || model.3.bias
 |  0.000 |  0.000 |  0.000 |  0.000 | torch.Size([64]) || model.3.running_mean
 |  1.000 |  1.000 |  1.000 |  0.000 | torch.Size([64]) || model.3.running_var
 | -0.000 | -0.038 |  0.036 |  0.008 | torch.Size([64, 64, 3, 3]) || model.5.weight
 |  0.000 |  0.000 |  0.000 |  0.000 | torch.Size([64]) || model.5.bias
 |  0.593 |  0.140 |  0.995 |  0.242 | torch.Size([64]) || model.6.weight
 |  0.000 |  0.000 |  0.000 |  0.000 | torch.Size([64]) || model.6.bias
 |  0.000 |  0.000 |  0.000 |  0.000 | torch.Size([64]) || model.6.running_mean
 |  1.000 |  1.000 |  1.000 |  0.000 | torch.Size([64]) || model.6.running_var
 | -0.000 | -0.036 |  0.033 |  0.008 | torch.Size([64, 64, 3, 3]) || model.8.weight
 |  0.000 |  0.000 |  0.000 |  0.000 | torch.Size([64]) || model.8.bias
 |  0.535 |  0.113 |  0.983 |  0.255 | torch.Size([64]) || model.9.weight
 |  0.000 |  0.000 |  0.000 |  0.000 | torch.Size([64]) || model.9.bias
 |  0.000 |  0.000 |  0.000 |  0.000 | torch.Size([64]) || model.9.running_mean
 |  1.000 |  1.000 |  1.000 |  0.000 | torch.Size([64]) || model.9.running_var
 |  0.000 | -0.032 |  0.033 |  0.008 | torch.Size([64, 64, 3, 3]) || model.11.weight
 |  0.000 |  0.000 |  0.000 |  0.000 | torch.Size([64]) || model.11.bias
 |  0.509 |  0.104 |  0.998 |  0.276 | torch.Size([64]) || model.12.weight
 |  0.000 |  0.000 |  0.000 |  0.000 | torch.Size([64]) || model.12.bias
 |  0.000 |  0.000 |  0.000 |  0.000 | torch.Size([64]) || model.12.running_mean
 |  1.000 |  1.000 |  1.000 |  0.000 | torch.Size([64]) || model.12.running_var
 | -0.000 | -0.034 |  0.034 |  0.008 | torch.Size([64, 64, 3, 3]) || model.14.weight
 |  0.000 |  0.000 |  0.000 |  0.000 | torch.Size([64]) || model.14.bias
 |  0.527 |  0.113 |  0.987 |  0.272 | torch.Size([64]) || model.15.weight
 |  0.000 |  0.000 |  0.000 |  0.000 | torch.Size([64]) || model.15.bias
 |  0.000 |  0.000 |  0.000 |  0.000 | torch.Size([64]) || model.15.running_mean
 |  1.000 |  1.000 |  1.000 |  0.000 | torch.Size([64]) || model.15.running_var
 |  0.000 | -0.033 |  0.034 |  0.008 | torch.Size([64, 64, 3, 3]) || model.17.weight
 |  0.000 |  0.000 |  0.000 |  0.000 | torch.Size([64]) || model.17.bias
 |  0.565 |  0.105 |  0.976 |  0.257 | torch.Size([64]) || model.18.weight
 |  0.000 |  0.000 |  0.000 |  0.000 | torch.Size([64]) || model.18.bias
 |  0.000 |  0.000 |  0.000 |  0.000 | torch.Size([64]) || model.18.running_mean
 |  1.000 |  1.000 |  1.000 |  0.000 | torch.Size([64]) || model.18.running_var
 | -0.000 | -0.032 |  0.033 |  0.008 | torch.Size([64, 64, 3, 3]) || model.20.weight
 |  0.000 |  0.000 |  0.000 |  0.000 | torch.Size([64]) || model.20.bias
 |  0.579 |  0.108 |  0.981 |  0.243 | torch.Size([64]) || model.21.weight
 |  0.000 |  0.000 |  0.000 |  0.000 | torch.Size([64]) || model.21.bias
 |  0.000 |  0.000 |  0.000 |  0.000 | torch.Size([64]) || model.21.running_mean
 |  1.000 |  1.000 |  1.000 |  0.000 | torch.Size([64]) || model.21.running_var
 | -0.000 | -0.034 |  0.031 |  0.008 | torch.Size([64, 64, 3, 3]) || model.23.weight
 |  0.000 |  0.000 |  0.000 |  0.000 | torch.Size([64]) || model.23.bias
 |  0.553 |  0.103 |  0.990 |  0.281 | torch.Size([64]) || model.24.weight
 |  0.000 |  0.000 |  0.000 |  0.000 | torch.Size([64]) || model.24.bias
 |  0.000 |  0.000 |  0.000 |  0.000 | torch.Size([64]) || model.24.running_mean
 |  1.000 |  1.000 |  1.000 |  0.000 | torch.Size([64]) || model.24.running_var
 |  0.000 | -0.032 |  0.033 |  0.008 | torch.Size([64, 64, 3, 3]) || model.26.weight
 |  0.000 |  0.000 |  0.000 |  0.000 | torch.Size([64]) || model.26.bias
 |  0.557 |  0.120 |  0.983 |  0.273 | torch.Size([64]) || model.27.weight
 |  0.000 |  0.000 |  0.000 |  0.000 | torch.Size([64]) || model.27.bias
 |  0.000 |  0.000 |  0.000 |  0.000 | torch.Size([64]) || model.27.running_mean
 |  1.000 |  1.000 |  1.000 |  0.000 | torch.Size([64]) || model.27.running_var
 | -0.000 | -0.032 |  0.033 |  0.008 | torch.Size([64, 64, 3, 3]) || model.29.weight
 |  0.000 |  0.000 |  0.000 |  0.000 | torch.Size([64]) || model.29.bias
 |  0.536 |  0.124 |  0.988 |  0.230 | torch.Size([64]) || model.30.weight
 |  0.000 |  0.000 |  0.000 |  0.000 | torch.Size([64]) || model.30.bias
 |  0.000 |  0.000 |  0.000 |  0.000 | torch.Size([64]) || model.30.running_mean
 |  1.000 |  1.000 |  1.000 |  0.000 | torch.Size([64]) || model.30.running_var
 |  0.000 | -0.033 |  0.033 |  0.008 | torch.Size([64, 64, 3, 3]) || model.32.weight
 |  0.000 |  0.000 |  0.000 |  0.000 | torch.Size([64]) || model.32.bias
 |  0.543 |  0.103 |  0.990 |  0.267 | torch.Size([64]) || model.33.weight
 |  0.000 |  0.000 |  0.000 |  0.000 | torch.Size([64]) || model.33.bias
 |  0.000 |  0.000 |  0.000 |  0.000 | torch.Size([64]) || model.33.running_mean
 |  1.000 |  1.000 |  1.000 |  0.000 | torch.Size([64]) || model.33.running_var
 | -0.000 | -0.034 |  0.036 |  0.008 | torch.Size([64, 64, 3, 3]) || model.35.weight
 |  0.000 |  0.000 |  0.000 |  0.000 | torch.Size([64]) || model.35.bias
 |  0.514 |  0.105 |  0.994 |  0.270 | torch.Size([64]) || model.36.weight
 |  0.000 |  0.000 |  0.000 |  0.000 | torch.Size([64]) || model.36.bias
 |  0.000 |  0.000 |  0.000 |  0.000 | torch.Size([64]) || model.36.running_mean
 |  1.000 |  1.000 |  1.000 |  0.000 | torch.Size([64]) || model.36.running_var
 |  0.000 | -0.040 |  0.039 |  0.008 | torch.Size([64, 64, 3, 3]) || model.38.weight
 |  0.000 |  0.000 |  0.000 |  0.000 | torch.Size([64]) || model.38.bias
 |  0.543 |  0.116 |  0.989 |  0.265 | torch.Size([64]) || model.39.weight
 |  0.000 |  0.000 |  0.000 |  0.000 | torch.Size([64]) || model.39.bias
 |  0.000 |  0.000 |  0.000 |  0.000 | torch.Size([64]) || model.39.running_mean
 |  1.000 |  1.000 |  1.000 |  0.000 | torch.Size([64]) || model.39.running_var
 | -0.000 | -0.034 |  0.037 |  0.008 | torch.Size([64, 64, 3, 3]) || model.41.weight
 |  0.000 |  0.000 |  0.000 |  0.000 | torch.Size([64]) || model.41.bias
 |  0.524 |  0.107 |  0.972 |  0.254 | torch.Size([64]) || model.42.weight
 |  0.000 |  0.000 |  0.000 |  0.000 | torch.Size([64]) || model.42.bias
 |  0.000 |  0.000 |  0.000 |  0.000 | torch.Size([64]) || model.42.running_mean
 |  1.000 |  1.000 |  1.000 |  0.000 | torch.Size([64]) || model.42.running_var
 | -0.000 | -0.034 |  0.036 |  0.008 | torch.Size([64, 64, 3, 3]) || model.44.weight
 |  0.000 |  0.000 |  0.000 |  0.000 | torch.Size([64]) || model.44.bias
 |  0.575 |  0.107 |  0.994 |  0.274 | torch.Size([64]) || model.45.weight
 |  0.000 |  0.000 |  0.000 |  0.000 | torch.Size([64]) || model.45.bias
 |  0.000 |  0.000 |  0.000 |  0.000 | torch.Size([64]) || model.45.running_mean
 |  1.000 |  1.000 |  1.000 |  0.000 | torch.Size([64]) || model.45.running_var
 |  0.000 | -0.025 |  0.026 |  0.008 | torch.Size([1, 64, 3, 3]) || model.47.weight
 |  0.000 |  0.000 |  0.000 |    nan | torch.Size([1]) || model.47.bias

21-04-16 21:23:25.253 : ^_^ -----merging bnorm----- ^_^
21-04-16 21:23:43.125 : <epoch:  2, iter:   1,200, lr:3.125e-06> G_loss: 2.725e-02 
21-04-16 21:24:01.240 : <epoch:  4, iter:   2,400, lr:3.125e-06> G_loss: 4.930e-02 
21-04-16 21:24:19.583 : <epoch:  7, iter:   3,600, lr:3.125e-06> G_loss: 2.872e-03 
21-04-16 21:24:37.771 : <epoch:  9, iter:   4,800, lr:3.125e-06> G_loss: 2.477e-02 
21-04-16 21:24:55.921 : <epoch: 12, iter:   6,000, lr:3.125e-06> G_loss: 2.840e-02 
21-04-16 21:25:13.751 : <epoch: 14, iter:   7,200, lr:3.125e-06> G_loss: 5.170e-02 
21-04-16 21:25:31.870 : <epoch: 17, iter:   8,400, lr:3.125e-06> G_loss: 4.026e-02 
21-04-16 21:25:49.669 : <epoch: 19, iter:   9,600, lr:3.125e-06> G_loss: 2.553e-02 
21-04-16 21:26:08.135 : <epoch: 22, iter:  10,800, lr:3.125e-06> G_loss: 3.665e-02 
21-04-16 21:26:26.350 : <epoch: 24, iter:  12,000, lr:3.125e-06> G_loss: 3.514e-02 
21-04-16 21:26:26.350 : Saving the model.
21-04-16 21:26:27.627 : ---1--> IXI560-Guys-1070-T1.nii-checkpoint.png | 24.31dB
21-04-16 21:26:27.628 : ---1--> IXI560-Guys-1070-T1.nii-checkpoint.png | 241.28MSE
21-04-16 21:26:27.628 : ---1--> IXI560-Guys-1070-T1.nii-checkpoint.png | 15.53RMSE
21-04-16 21:26:28.803 : ---2--> IXI537-HH-2378-T1.nii.png | 24.45dB
21-04-16 21:26:28.804 : ---2--> IXI537-HH-2378-T1.nii.png | 233.19MSE
21-04-16 21:26:28.804 : ---2--> IXI537-HH-2378-T1.nii.png | 15.27RMSE
21-04-16 21:26:29.993 : ---3--> IXI538-HH-2411-T1.nii.png | 24.35dB
21-04-16 21:26:29.994 : ---3--> IXI538-HH-2411-T1.nii.png | 238.72MSE
21-04-16 21:26:29.994 : ---3--> IXI538-HH-2411-T1.nii.png | 15.45RMSE
21-04-16 21:26:31.130 : ---4--> IXI539-Guys-1067-T1.nii.png | 24.21dB
21-04-16 21:26:31.130 : ---4--> IXI539-Guys-1067-T1.nii.png | 246.78MSE
21-04-16 21:26:31.131 : ---4--> IXI539-Guys-1067-T1.nii.png | 15.71RMSE
21-04-16 21:26:32.293 : ---5--> IXI541-IOP-1146-T1.nii.png | 24.74dB
21-04-16 21:26:32.293 : ---5--> IXI541-IOP-1146-T1.nii.png | 218.46MSE
21-04-16 21:26:32.294 : ---5--> IXI541-IOP-1146-T1.nii.png | 14.78RMSE
21-04-16 21:26:33.487 : ---6--> IXI542-IOP-1147-T1.nii.png | 24.85dB
21-04-16 21:26:33.487 : ---6--> IXI542-IOP-1147-T1.nii.png | 212.91MSE
21-04-16 21:26:33.488 : ---6--> IXI542-IOP-1147-T1.nii.png | 14.59RMSE
21-04-16 21:26:34.650 : ---7--> IXI543-IOP-1148-T1.nii.png | 24.75dB
21-04-16 21:26:34.651 : ---7--> IXI543-IOP-1148-T1.nii.png | 217.98MSE
21-04-16 21:26:34.652 : ---7--> IXI543-IOP-1148-T1.nii.png | 14.76RMSE
21-04-16 21:26:35.811 : ---8--> IXI544-HH-2395-T1.nii.png | 24.29dB
21-04-16 21:26:35.811 : ---8--> IXI544-HH-2395-T1.nii.png | 241.94MSE
21-04-16 21:26:35.812 : ---8--> IXI544-HH-2395-T1.nii.png | 15.55RMSE
21-04-16 21:26:36.977 : ---9--> IXI546-HH-2450-T1.nii.png | 24.27dB
21-04-16 21:26:36.977 : ---9--> IXI546-HH-2450-T1.nii.png | 243.12MSE
21-04-16 21:26:36.978 : ---9--> IXI546-HH-2450-T1.nii.png | 15.59RMSE
21-04-16 21:26:38.163 : --10--> IXI547-IOP-1149-T1.nii.png | 24.82dB
21-04-16 21:26:38.164 : --10--> IXI547-IOP-1149-T1.nii.png | 214.34MSE
21-04-16 21:26:38.165 : --10--> IXI547-IOP-1149-T1.nii.png | 14.64RMSE
21-04-16 21:26:39.351 : --11--> IXI548-IOP-1150-T1.nii.png | 24.73dB
21-04-16 21:26:39.352 : --11--> IXI548-IOP-1150-T1.nii.png | 218.77MSE
21-04-16 21:26:39.353 : --11--> IXI548-IOP-1150-T1.nii.png | 14.79RMSE
21-04-16 21:26:40.532 : --12--> IXI549-Guys-1046-T1.nii.png | 24.39dB
21-04-16 21:26:40.533 : --12--> IXI549-Guys-1046-T1.nii.png | 236.85MSE
21-04-16 21:26:40.534 : --12--> IXI549-Guys-1046-T1.nii.png | 15.39RMSE
21-04-16 21:26:41.705 : --13--> IXI550-Guys-1069-T1.nii.png | 24.38dB
21-04-16 21:26:41.706 : --13--> IXI550-Guys-1069-T1.nii.png | 237.36MSE
21-04-16 21:26:41.706 : --13--> IXI550-Guys-1069-T1.nii.png | 15.41RMSE
21-04-16 21:26:42.871 : --14--> IXI551-Guys-1065-T1.nii.png | 24.32dB
21-04-16 21:26:42.872 : --14--> IXI551-Guys-1065-T1.nii.png | 240.27MSE
21-04-16 21:26:42.872 : --14--> IXI551-Guys-1065-T1.nii.png | 15.50RMSE
21-04-16 21:26:44.062 : --15--> IXI552-Guys-1063-T1.nii.png | 24.27dB
21-04-16 21:26:44.063 : --15--> IXI552-Guys-1063-T1.nii.png | 243.50MSE
21-04-16 21:26:44.063 : --15--> IXI552-Guys-1063-T1.nii.png | 15.60RMSE
21-04-16 21:26:45.206 : --16--> IXI553-IOP-1151-T1.nii.png | 24.72dB
21-04-16 21:26:45.206 : --16--> IXI553-IOP-1151-T1.nii.png | 219.52MSE
21-04-16 21:26:45.207 : --16--> IXI553-IOP-1151-T1.nii.png | 14.82RMSE
21-04-16 21:26:46.375 : --17--> IXI554-Guys-1068-T1.nii.png | 24.36dB
21-04-16 21:26:46.375 : --17--> IXI554-Guys-1068-T1.nii.png | 238.35MSE
21-04-16 21:26:46.377 : --17--> IXI554-Guys-1068-T1.nii.png | 15.44RMSE
21-04-16 21:26:47.546 : --18--> IXI555-Guys-1074-T1.nii.png | 24.45dB
21-04-16 21:26:47.547 : --18--> IXI555-Guys-1074-T1.nii.png | 233.43MSE
21-04-16 21:26:47.547 : --18--> IXI555-Guys-1074-T1.nii.png | 15.28RMSE
21-04-16 21:26:48.694 : --19--> IXI556-HH-2452-T1.nii.png | 24.18dB
21-04-16 21:26:48.694 : --19--> IXI556-HH-2452-T1.nii.png | 248.16MSE
21-04-16 21:26:48.696 : --19--> IXI556-HH-2452-T1.nii.png | 15.75RMSE
21-04-16 21:26:49.864 : --20--> IXI558-Guys-1079-T1.nii.png | 24.34dB
21-04-16 21:26:49.865 : --20--> IXI558-Guys-1079-T1.nii.png | 239.14MSE
21-04-16 21:26:49.865 : --20--> IXI558-Guys-1079-T1.nii.png | 15.46RMSE
21-04-16 21:26:50.988 : --21--> IXI559-HH-2394-T1.nii.png | 24.23dB
21-04-16 21:26:50.989 : --21--> IXI559-HH-2394-T1.nii.png | 245.55MSE
21-04-16 21:26:50.990 : --21--> IXI559-HH-2394-T1.nii.png | 15.67RMSE
21-04-16 21:26:52.121 : --22--> IXI560-Guys-1070-T1.nii.png | 24.31dB
21-04-16 21:26:52.122 : --22--> IXI560-Guys-1070-T1.nii.png | 241.28MSE
21-04-16 21:26:52.123 : --22--> IXI560-Guys-1070-T1.nii.png | 15.53RMSE
21-04-16 21:26:53.291 : --23--> IXI561-IOP-1152-T1.nii.png | 24.57dB
21-04-16 21:26:53.292 : --23--> IXI561-IOP-1152-T1.nii.png | 227.07MSE
21-04-16 21:26:53.292 : --23--> IXI561-IOP-1152-T1.nii.png | 15.07RMSE
21-04-16 21:26:54.426 : --24--> IXI562-Guys-1131-T1.nii.png | 24.34dB
21-04-16 21:26:54.427 : --24--> IXI562-Guys-1131-T1.nii.png | 239.59MSE
21-04-16 21:26:54.428 : --24--> IXI562-Guys-1131-T1.nii.png | 15.48RMSE
21-04-16 21:26:55.598 : --25--> IXI563-IOP-1153-T1.nii.png | 24.68dB
21-04-16 21:26:55.599 : --25--> IXI563-IOP-1153-T1.nii.png | 221.46MSE
21-04-16 21:26:55.600 : --25--> IXI563-IOP-1153-T1.nii.png | 14.88RMSE
21-04-16 21:26:56.743 : --26--> IXI565-HH-2534-T1.nii.png | 24.18dB
21-04-16 21:26:56.744 : --26--> IXI565-HH-2534-T1.nii.png | 248.49MSE
21-04-16 21:26:56.745 : --26--> IXI565-HH-2534-T1.nii.png | 15.76RMSE
21-04-16 21:26:57.910 : --27--> IXI566-HH-2535-T1.nii.png | 24.29dB
21-04-16 21:26:57.910 : --27--> IXI566-HH-2535-T1.nii.png | 242.17MSE
21-04-16 21:26:57.911 : --27--> IXI566-HH-2535-T1.nii.png | 15.56RMSE
21-04-16 21:26:59.079 : --28--> IXI567-HH-2536-T1.nii.png | 24.45dB
21-04-16 21:26:59.079 : --28--> IXI567-HH-2536-T1.nii.png | 233.16MSE
21-04-16 21:26:59.080 : --28--> IXI567-HH-2536-T1.nii.png | 15.27RMSE
21-04-16 21:27:00.270 : --29--> IXI568-HH-2607-T1.nii.png | 24.43dB
21-04-16 21:27:00.271 : --29--> IXI568-HH-2607-T1.nii.png | 234.72MSE
21-04-16 21:27:00.271 : --29--> IXI568-HH-2607-T1.nii.png | 15.32RMSE
21-04-16 21:27:01.448 : --30--> IXI569-Guys-1101-T1.nii.png | 24.40dB
21-04-16 21:27:01.449 : --30--> IXI569-Guys-1101-T1.nii.png | 236.03MSE
21-04-16 21:27:01.450 : --30--> IXI569-Guys-1101-T1.nii.png | 15.36RMSE
21-04-16 21:27:02.688 : --31--> IXI571-IOP-1154-T1.nii.png | 24.72dB
21-04-16 21:27:02.689 : --31--> IXI571-IOP-1154-T1.nii.png | 219.30MSE
21-04-16 21:27:02.691 : --31--> IXI571-IOP-1154-T1.nii.png | 14.81RMSE
21-04-16 21:27:03.863 : --32--> IXI572-HH-2605-T1.nii.png | 24.38dB
21-04-16 21:27:03.864 : --32--> IXI572-HH-2605-T1.nii.png | 237.15MSE
21-04-16 21:27:03.864 : --32--> IXI572-HH-2605-T1.nii.png | 15.40RMSE
21-04-16 21:27:05.013 : --33--> IXI573-IOP-1155-T1.nii.png | 24.70dB
21-04-16 21:27:05.014 : --33--> IXI573-IOP-1155-T1.nii.png | 220.24MSE
21-04-16 21:27:05.015 : --33--> IXI573-IOP-1155-T1.nii.png | 14.84RMSE
21-04-16 21:27:06.204 : --34--> IXI574-IOP-1156-T1.nii.png | 24.69dB
21-04-16 21:27:06.205 : --34--> IXI574-IOP-1156-T1.nii.png | 220.63MSE
21-04-16 21:27:06.206 : --34--> IXI574-IOP-1156-T1.nii.png | 14.85RMSE
21-04-16 21:27:07.389 : --35--> IXI575-HH-2658-T1.nii.png | 24.30dB
21-04-16 21:27:07.391 : --35--> IXI575-HH-2658-T1.nii.png | 241.82MSE
21-04-16 21:27:07.392 : --35--> IXI575-HH-2658-T1.nii.png | 15.55RMSE
21-04-16 21:27:08.559 : --36--> IXI576-Guys-1077-T1.nii.png | 24.30dB
21-04-16 21:27:08.560 : --36--> IXI576-Guys-1077-T1.nii.png | 241.64MSE
21-04-16 21:27:08.561 : --36--> IXI576-Guys-1077-T1.nii.png | 15.54RMSE
21-04-16 21:27:09.733 : --37--> IXI577-HH-2661-T1.nii.png | 24.43dB
21-04-16 21:27:09.734 : --37--> IXI577-HH-2661-T1.nii.png | 234.33MSE
21-04-16 21:27:09.734 : --37--> IXI577-HH-2661-T1.nii.png | 15.31RMSE
21-04-16 21:27:10.897 : --38--> IXI578-Guys-1078-T1.nii.png | 24.35dB
21-04-16 21:27:10.898 : --38--> IXI578-Guys-1078-T1.nii.png | 238.73MSE
21-04-16 21:27:10.899 : --38--> IXI578-Guys-1078-T1.nii.png | 15.45RMSE
21-04-16 21:27:12.056 : --39--> IXI579-Guys-1126-T1.nii.png | 24.36dB
21-04-16 21:27:12.057 : --39--> IXI579-Guys-1126-T1.nii.png | 238.16MSE
21-04-16 21:27:12.057 : --39--> IXI579-Guys-1126-T1.nii.png | 15.43RMSE
21-04-16 21:27:13.249 : --40--> IXI582-Guys-1127-T1.nii.png | 24.33dB
21-04-16 21:27:13.251 : --40--> IXI582-Guys-1127-T1.nii.png | 240.01MSE
21-04-16 21:27:13.252 : --40--> IXI582-Guys-1127-T1.nii.png | 15.49RMSE
21-04-16 21:27:14.437 : --41--> IXI584-Guys-1129-T1.nii.png | 24.37dB
21-04-16 21:27:14.438 : --41--> IXI584-Guys-1129-T1.nii.png | 237.68MSE
21-04-16 21:27:14.439 : --41--> IXI584-Guys-1129-T1.nii.png | 15.42RMSE
21-04-16 21:27:15.611 : --42--> IXI585-Guys-1130-T1.nii.png | 24.41dB
21-04-16 21:27:15.612 : --42--> IXI585-Guys-1130-T1.nii.png | 235.74MSE
21-04-16 21:27:15.612 : --42--> IXI585-Guys-1130-T1.nii.png | 15.35RMSE
21-04-16 21:27:16.802 : --43--> IXI586-HH-2451-T1.nii.png | 24.44dB
21-04-16 21:27:16.803 : --43--> IXI586-HH-2451-T1.nii.png | 233.72MSE
21-04-16 21:27:16.803 : --43--> IXI586-HH-2451-T1.nii.png | 15.29RMSE
21-04-16 21:27:17.969 : --44--> IXI587-Guys-1128-T1.nii.png | 24.39dB
21-04-16 21:27:17.970 : --44--> IXI587-Guys-1128-T1.nii.png | 236.39MSE
21-04-16 21:27:17.970 : --44--> IXI587-Guys-1128-T1.nii.png | 15.37RMSE
21-04-16 21:27:19.161 : --45--> IXI588-IOP-1158-T1.nii.png | 24.66dB
21-04-16 21:27:19.161 : --45--> IXI588-IOP-1158-T1.nii.png | 222.56MSE
21-04-16 21:27:19.162 : --45--> IXI588-IOP-1158-T1.nii.png | 14.92RMSE
21-04-16 21:27:20.356 : --46--> IXI589-Guys-1080-T1.nii.png | 24.45dB
21-04-16 21:27:20.357 : --46--> IXI589-Guys-1080-T1.nii.png | 233.14MSE
21-04-16 21:27:20.357 : --46--> IXI589-Guys-1080-T1.nii.png | 15.27RMSE
21-04-16 21:27:21.544 : --47--> IXI591-Guys-1084-T1.nii.png | 24.38dB
21-04-16 21:27:21.545 : --47--> IXI591-Guys-1084-T1.nii.png | 237.23MSE
21-04-16 21:27:21.545 : --47--> IXI591-Guys-1084-T1.nii.png | 15.40RMSE
21-04-16 21:27:22.788 : --48--> IXI592-Guys-1085-T1.nii.png | 24.38dB
21-04-16 21:27:22.788 : --48--> IXI592-Guys-1085-T1.nii.png | 237.07MSE
21-04-16 21:27:22.789 : --48--> IXI592-Guys-1085-T1.nii.png | 15.40RMSE
21-04-16 21:27:23.992 : --49--> IXI593-Guys-1109-T1.nii.png | 24.59dB
21-04-16 21:27:23.992 : --49--> IXI593-Guys-1109-T1.nii.png | 225.92MSE
21-04-16 21:27:23.993 : --49--> IXI593-Guys-1109-T1.nii.png | 15.03RMSE
21-04-16 21:27:25.146 : --50--> IXI594-Guys-1089-T1.nii.png | 24.30dB
21-04-16 21:27:25.147 : --50--> IXI594-Guys-1089-T1.nii.png | 241.46MSE
21-04-16 21:27:25.148 : --50--> IXI594-Guys-1089-T1.nii.png | 15.54RMSE
21-04-16 21:27:26.326 : --51--> IXI595-IOP-1159-T1.nii.png | 24.70dB
21-04-16 21:27:26.327 : --51--> IXI595-IOP-1159-T1.nii.png | 220.10MSE
21-04-16 21:27:26.328 : --51--> IXI595-IOP-1159-T1.nii.png | 14.84RMSE
21-04-16 21:27:27.516 : --52--> IXI596-IOP-1160-T1.nii.png | 24.73dB
21-04-16 21:27:27.517 : --52--> IXI596-IOP-1160-T1.nii.png | 218.67MSE
21-04-16 21:27:27.518 : --52--> IXI596-IOP-1160-T1.nii.png | 14.79RMSE
21-04-16 21:27:28.686 : --53--> IXI597-IOP-1161-T1.nii.png | 24.66dB
21-04-16 21:27:28.687 : --53--> IXI597-IOP-1161-T1.nii.png | 222.17MSE
21-04-16 21:27:28.687 : --53--> IXI597-IOP-1161-T1.nii.png | 14.91RMSE
21-04-16 21:27:29.876 : --54--> IXI598-HH-2606-T1.nii.png | 24.24dB
21-04-16 21:27:29.877 : --54--> IXI598-HH-2606-T1.nii.png | 245.03MSE
21-04-16 21:27:29.877 : --54--> IXI598-HH-2606-T1.nii.png | 15.65RMSE
21-04-16 21:27:31.063 : --55--> IXI599-HH-2659-T1.nii.png | 24.39dB
21-04-16 21:27:31.063 : --55--> IXI599-HH-2659-T1.nii.png | 236.39MSE
21-04-16 21:27:31.064 : --55--> IXI599-HH-2659-T1.nii.png | 15.38RMSE
21-04-16 21:27:32.246 : --56--> IXI600-HH-2660-T1.nii.png | 24.31dB
21-04-16 21:27:32.247 : --56--> IXI600-HH-2660-T1.nii.png | 241.31MSE
21-04-16 21:27:32.248 : --56--> IXI600-HH-2660-T1.nii.png | 15.53RMSE
21-04-16 21:27:33.434 : --57--> IXI601-HH-2700-T1.nii.png | 24.33dB
21-04-16 21:27:33.435 : --57--> IXI601-HH-2700-T1.nii.png | 240.12MSE
21-04-16 21:27:33.435 : --57--> IXI601-HH-2700-T1.nii.png | 15.50RMSE
21-04-16 21:27:34.688 : --58--> IXI603-HH-2701-T1.nii.png | 24.27dB
21-04-16 21:27:34.689 : --58--> IXI603-HH-2701-T1.nii.png | 243.12MSE
21-04-16 21:27:34.689 : --58--> IXI603-HH-2701-T1.nii.png | 15.59RMSE
21-04-16 21:27:35.873 : --59--> IXI605-HH-2598-T1.nii.png | 24.34dB
21-04-16 21:27:35.873 : --59--> IXI605-HH-2598-T1.nii.png | 239.57MSE
21-04-16 21:27:35.874 : --59--> IXI605-HH-2598-T1.nii.png | 15.48RMSE
21-04-16 21:27:37.052 : --60--> IXI606-HH-2601-T1.nii.png | 24.26dB
21-04-16 21:27:37.052 : --60--> IXI606-HH-2601-T1.nii.png | 243.96MSE
21-04-16 21:27:37.053 : --60--> IXI606-HH-2601-T1.nii.png | 15.62RMSE
21-04-16 21:27:38.232 : --61--> IXI607-Guys-1097-T1.nii.png | 24.32dB
21-04-16 21:27:38.233 : --61--> IXI607-Guys-1097-T1.nii.png | 240.40MSE
21-04-16 21:27:38.233 : --61--> IXI607-Guys-1097-T1.nii.png | 15.50RMSE
21-04-16 21:27:39.435 : --62--> IXI608-HH-2599-T1.nii.png | 24.18dB
21-04-16 21:27:39.435 : --62--> IXI608-HH-2599-T1.nii.png | 248.44MSE
21-04-16 21:27:39.436 : --62--> IXI608-HH-2599-T1.nii.png | 15.76RMSE
21-04-16 21:27:40.638 : --63--> IXI609-HH-2600-T1.nii.png | 24.38dB
21-04-16 21:27:40.639 : --63--> IXI609-HH-2600-T1.nii.png | 237.37MSE
21-04-16 21:27:40.639 : --63--> IXI609-HH-2600-T1.nii.png | 15.41RMSE
21-04-16 21:27:41.850 : --64--> IXI610-HH-2649-T1.nii.png | 24.29dB
21-04-16 21:27:41.851 : --64--> IXI610-HH-2649-T1.nii.png | 242.28MSE
21-04-16 21:27:41.851 : --64--> IXI610-HH-2649-T1.nii.png | 15.57RMSE
21-04-16 21:27:43.044 : --65--> IXI611-HH-2650-T1.nii.png | 24.32dB
21-04-16 21:27:43.044 : --65--> IXI611-HH-2650-T1.nii.png | 240.64MSE
21-04-16 21:27:43.045 : --65--> IXI611-HH-2650-T1.nii.png | 15.51RMSE
21-04-16 21:27:44.222 : --66--> IXI612-HH-2688-T1.nii.png | 24.27dB
21-04-16 21:27:44.223 : --66--> IXI612-HH-2688-T1.nii.png | 243.54MSE
21-04-16 21:27:44.224 : --66--> IXI612-HH-2688-T1.nii.png | 15.61RMSE
21-04-16 21:27:45.460 : --67--> IXI613-HH-2734-T1.nii.png | 24.30dB
21-04-16 21:27:45.461 : --67--> IXI613-HH-2734-T1.nii.png | 241.33MSE
21-04-16 21:27:45.461 : --67--> IXI613-HH-2734-T1.nii.png | 15.53RMSE
21-04-16 21:27:46.671 : --68--> IXI614-HH-2735-T1.nii.png | 24.39dB
21-04-16 21:27:46.672 : --68--> IXI614-HH-2735-T1.nii.png | 236.60MSE
21-04-16 21:27:46.672 : --68--> IXI614-HH-2735-T1.nii.png | 15.38RMSE
21-04-16 21:27:47.865 : --69--> IXI616-Guys-1092-T1.nii.png | 24.38dB
21-04-16 21:27:47.866 : --69--> IXI616-Guys-1092-T1.nii.png | 237.40MSE
21-04-16 21:27:47.866 : --69--> IXI616-Guys-1092-T1.nii.png | 15.41RMSE
21-04-16 21:27:49.040 : --70--> IXI617-Guys-1090-T1.nii.png | 24.35dB
21-04-16 21:27:49.040 : --70--> IXI617-Guys-1090-T1.nii.png | 238.83MSE
21-04-16 21:27:49.041 : --70--> IXI617-Guys-1090-T1.nii.png | 15.45RMSE
21-04-16 21:27:50.221 : --71--> IXI618-Guys-1091-T1.nii.png | 24.31dB
21-04-16 21:27:50.222 : --71--> IXI618-Guys-1091-T1.nii.png | 241.11MSE
21-04-16 21:27:50.223 : --71--> IXI618-Guys-1091-T1.nii.png | 15.53RMSE
21-04-16 21:27:51.432 : --72--> IXI619-Guys-1099-T1.nii.png | 24.35dB
21-04-16 21:27:51.433 : --72--> IXI619-Guys-1099-T1.nii.png | 238.86MSE
21-04-16 21:27:51.434 : --72--> IXI619-Guys-1099-T1.nii.png | 15.45RMSE
21-04-16 21:27:52.693 : --73--> IXI621-Guys-1100-T1.nii.png | 24.32dB
21-04-16 21:27:52.694 : --73--> IXI621-Guys-1100-T1.nii.png | 240.33MSE
21-04-16 21:27:52.695 : --73--> IXI621-Guys-1100-T1.nii.png | 15.50RMSE
21-04-16 21:27:53.912 : --74--> IXI622-Guys-1102-T1.nii.png | 24.34dB
21-04-16 21:27:53.913 : --74--> IXI622-Guys-1102-T1.nii.png | 239.53MSE
21-04-16 21:27:53.913 : --74--> IXI622-Guys-1102-T1.nii.png | 15.48RMSE
21-04-16 21:27:55.159 : --75--> IXI623-Guys-1076-T1.nii.png | 24.37dB
21-04-16 21:27:55.160 : --75--> IXI623-Guys-1076-T1.nii.png | 237.81MSE
21-04-16 21:27:55.161 : --75--> IXI623-Guys-1076-T1.nii.png | 15.42RMSE
21-04-16 21:27:56.290 : --76--> IXI625-Guys-1098-T1.nii.png | 24.28dB
21-04-16 21:27:56.291 : --76--> IXI625-Guys-1098-T1.nii.png | 242.90MSE
21-04-16 21:27:56.291 : --76--> IXI625-Guys-1098-T1.nii.png | 15.59RMSE
21-04-16 21:27:57.426 : --77--> IXI626-Guys-1094-T1.nii.png | 24.36dB
21-04-16 21:27:57.427 : --77--> IXI626-Guys-1094-T1.nii.png | 238.48MSE
21-04-16 21:27:57.428 : --77--> IXI626-Guys-1094-T1.nii.png | 15.44RMSE
21-04-16 21:27:58.698 : --78--> IXI627-Guys-1103-T1.nii.png | 24.32dB
21-04-16 21:27:58.699 : --78--> IXI627-Guys-1103-T1.nii.png | 240.66MSE
21-04-16 21:27:58.699 : --78--> IXI627-Guys-1103-T1.nii.png | 15.51RMSE
21-04-16 21:27:59.820 : --79--> IXI629-Guys-1095-T1.nii.png | 24.31dB
21-04-16 21:27:59.820 : --79--> IXI629-Guys-1095-T1.nii.png | 240.95MSE
21-04-16 21:27:59.821 : --79--> IXI629-Guys-1095-T1.nii.png | 15.52RMSE
21-04-16 21:28:00.974 : --80--> IXI630-Guys-1108-T1.nii.png | 24.24dB
21-04-16 21:28:00.975 : --80--> IXI630-Guys-1108-T1.nii.png | 244.85MSE
21-04-16 21:28:00.975 : --80--> IXI630-Guys-1108-T1.nii.png | 15.65RMSE
21-04-16 21:28:02.198 : --81--> IXI631-HH-2651-T1.nii.png | 24.30dB
21-04-16 21:28:02.199 : --81--> IXI631-HH-2651-T1.nii.png | 241.46MSE
21-04-16 21:28:02.199 : --81--> IXI631-HH-2651-T1.nii.png | 15.54RMSE
21-04-16 21:28:03.369 : --82--> IXI632-HH-2652-T1.nii.png | 24.43dB
21-04-16 21:28:03.369 : --82--> IXI632-HH-2652-T1.nii.png | 234.67MSE
21-04-16 21:28:03.370 : --82--> IXI632-HH-2652-T1.nii.png | 15.32RMSE
21-04-16 21:28:04.507 : --83--> IXI633-HH-2689-T1.nii.png | 24.28dB
21-04-16 21:28:04.507 : --83--> IXI633-HH-2689-T1.nii.png | 242.85MSE
21-04-16 21:28:04.508 : --83--> IXI633-HH-2689-T1.nii.png | 15.58RMSE
21-04-16 21:28:05.645 : --84--> IXI634-HH-2690-T1.nii.png | 24.37dB
21-04-16 21:28:05.645 : --84--> IXI634-HH-2690-T1.nii.png | 237.86MSE
21-04-16 21:28:05.646 : --84--> IXI634-HH-2690-T1.nii.png | 15.42RMSE
21-04-16 21:28:06.791 : --85--> IXI635-HH-2691-T1.nii.png | 24.39dB
21-04-16 21:28:06.792 : --85--> IXI635-HH-2691-T1.nii.png | 236.38MSE
21-04-16 21:28:06.793 : --85--> IXI635-HH-2691-T1.nii.png | 15.37RMSE
21-04-16 21:28:07.908 : --86--> IXI636-HH-2733-T1.nii.png | 24.45dB
21-04-16 21:28:07.909 : --86--> IXI636-HH-2733-T1.nii.png | 233.46MSE
21-04-16 21:28:07.909 : --86--> IXI636-HH-2733-T1.nii.png | 15.28RMSE
21-04-16 21:28:09.054 : --87--> IXI637-HH-2785-T1.nii.png | 24.25dB
21-04-16 21:28:09.054 : --87--> IXI637-HH-2785-T1.nii.png | 244.56MSE
21-04-16 21:28:09.055 : --87--> IXI637-HH-2785-T1.nii.png | 15.64RMSE
21-04-16 21:28:10.219 : --88--> IXI638-HH-2786-T1.nii.png | 24.12dB
21-04-16 21:28:10.220 : --88--> IXI638-HH-2786-T1.nii.png | 251.60MSE
21-04-16 21:28:10.220 : --88--> IXI638-HH-2786-T1.nii.png | 15.86RMSE
21-04-16 21:28:11.341 : --89--> IXI639-Guys-1088-T1.nii.png | 24.29dB
21-04-16 21:28:11.342 : --89--> IXI639-Guys-1088-T1.nii.png | 242.19MSE
21-04-16 21:28:11.342 : --89--> IXI639-Guys-1088-T1.nii.png | 15.56RMSE
21-04-16 21:28:12.474 : --90--> IXI640-Guys-1106-T1.nii.png | 24.33dB
21-04-16 21:28:12.474 : --90--> IXI640-Guys-1106-T1.nii.png | 239.82MSE
21-04-16 21:28:12.475 : --90--> IXI640-Guys-1106-T1.nii.png | 15.49RMSE
21-04-16 21:28:13.651 : --91--> IXI641-Guys-1105-T1.nii.png | 24.28dB
21-04-16 21:28:13.651 : --91--> IXI641-Guys-1105-T1.nii.png | 242.52MSE
21-04-16 21:28:13.652 : --91--> IXI641-Guys-1105-T1.nii.png | 15.57RMSE
21-04-16 21:28:14.814 : --92--> IXI642-Guys-1104-T1.nii.png | 24.41dB
21-04-16 21:28:14.814 : --92--> IXI642-Guys-1104-T1.nii.png | 235.70MSE
21-04-16 21:28:14.815 : --92--> IXI642-Guys-1104-T1.nii.png | 15.35RMSE
21-04-16 21:28:15.944 : --93--> IXI643-HH-2787-T1.nii.png | 24.38dB
21-04-16 21:28:15.945 : --93--> IXI643-HH-2787-T1.nii.png | 237.32MSE
21-04-16 21:28:15.945 : --93--> IXI643-HH-2787-T1.nii.png | 15.41RMSE
21-04-16 21:28:17.066 : --94--> IXI644-Guys-1121-T1.nii.png | 24.31dB
21-04-16 21:28:17.067 : --94--> IXI644-Guys-1121-T1.nii.png | 240.91MSE
21-04-16 21:28:17.067 : --94--> IXI644-Guys-1121-T1.nii.png | 15.52RMSE
21-04-16 21:28:18.236 : --95--> IXI646-HH-2653-T1.nii.png | 24.30dB
21-04-16 21:28:18.237 : --95--> IXI646-HH-2653-T1.nii.png | 241.44MSE
21-04-16 21:28:18.238 : --95--> IXI646-HH-2653-T1.nii.png | 15.54RMSE
21-04-16 21:28:19.417 : --96--> IXI648-Guys-1107-T1.nii.png | 24.41dB
21-04-16 21:28:19.418 : --96--> IXI648-Guys-1107-T1.nii.png | 235.32MSE
21-04-16 21:28:19.419 : --96--> IXI648-Guys-1107-T1.nii.png | 15.34RMSE
21-04-16 21:28:20.559 : --97--> IXI651-Guys-1118-T1.nii.png | 24.30dB
21-04-16 21:28:20.559 : --97--> IXI651-Guys-1118-T1.nii.png | 241.62MSE
21-04-16 21:28:20.560 : --97--> IXI651-Guys-1118-T1.nii.png | 15.54RMSE
21-04-16 21:28:21.703 : --98--> IXI652-Guys-1116-T1.nii.png | 24.37dB
21-04-16 21:28:21.703 : --98--> IXI652-Guys-1116-T1.nii.png | 237.63MSE
21-04-16 21:28:21.704 : --98--> IXI652-Guys-1116-T1.nii.png | 15.42RMSE
21-04-16 21:28:22.890 : --99--> IXI653-Guys-1122-T1.nii.png | 24.36dB
21-04-16 21:28:22.891 : --99--> IXI653-Guys-1122-T1.nii.png | 238.44MSE
21-04-16 21:28:22.891 : --99--> IXI653-Guys-1122-T1.nii.png | 15.44RMSE
21-04-16 21:28:24.035 : -100--> IXI661-HH-2788-T1.nii.png | 24.25dB
21-04-16 21:28:24.035 : -100--> IXI661-HH-2788-T1.nii.png | 244.66MSE
21-04-16 21:28:24.036 : -100--> IXI661-HH-2788-T1.nii.png | 15.64RMSE
21-04-16 21:28:25.169 : -101--> IXI662-Guys-1120-T1.nii.png | 24.39dB
21-04-16 21:28:25.169 : -101--> IXI662-Guys-1120-T1.nii.png | 236.91MSE
21-04-16 21:28:25.170 : -101--> IXI662-Guys-1120-T1.nii.png | 15.39RMSE
21-04-16 21:28:25.187 : <epoch: 24, iter:  12,000, Average PSNR : 24.39dB

21-04-16 21:28:25.187 : <epoch: 24, iter:  12,000, Average MSE : 236.70

21-04-16 21:28:25.187 : <epoch: 24, iter:  12,000, Average RMSE : 15.38

21-04-16 21:28:43.222 : <epoch: 27, iter:  13,200, lr:3.125e-06> G_loss: 2.995e-02 
21-04-16 21:29:01.003 : <epoch: 29, iter:  14,400, lr:3.125e-06> G_loss: 1.932e-02 
21-04-16 21:29:19.444 : <epoch: 32, iter:  15,600, lr:3.125e-06> G_loss: 2.557e-02 
21-04-16 21:29:46.755 : <epoch: 34, iter:  16,800, lr:3.125e-06> G_loss: 2.373e-02 
21-04-16 21:30:18.526 : <epoch: 37, iter:  18,000, lr:3.125e-06> G_loss: 3.081e-02 
21-04-16 21:30:50.057 : <epoch: 39, iter:  19,200, lr:3.125e-06> G_loss: 2.585e-02 
21-04-16 21:31:21.918 : <epoch: 42, iter:  20,400, lr:3.125e-06> G_loss: 1.817e-02 
21-04-16 21:31:53.696 : <epoch: 44, iter:  21,600, lr:3.125e-06> G_loss: 4.233e-02 
21-04-16 21:32:25.811 : <epoch: 47, iter:  22,800, lr:3.125e-06> G_loss: 2.129e-02 
21-04-16 21:32:57.563 : <epoch: 49, iter:  24,000, lr:3.125e-06> G_loss: 3.853e-02 
21-04-16 21:32:57.564 : Saving the model.
21-04-16 21:32:59.227 : ---1--> IXI560-Guys-1070-T1.nii-checkpoint.png | 25.28dB
21-04-16 21:32:59.228 : ---1--> IXI560-Guys-1070-T1.nii-checkpoint.png | 192.64MSE
21-04-16 21:32:59.229 : ---1--> IXI560-Guys-1070-T1.nii-checkpoint.png | 13.88RMSE
21-04-16 21:33:00.564 : ---2--> IXI537-HH-2378-T1.nii.png | 25.44dB
21-04-16 21:33:00.565 : ---2--> IXI537-HH-2378-T1.nii.png | 186.02MSE
21-04-16 21:33:00.565 : ---2--> IXI537-HH-2378-T1.nii.png | 13.64RMSE
21-04-16 21:33:02.137 : ---3--> IXI538-HH-2411-T1.nii.png | 25.40dB
21-04-16 21:33:02.138 : ---3--> IXI538-HH-2411-T1.nii.png | 187.47MSE
21-04-16 21:33:02.138 : ---3--> IXI538-HH-2411-T1.nii.png | 13.69RMSE
21-04-16 21:33:03.822 : ---4--> IXI539-Guys-1067-T1.nii.png | 25.12dB
21-04-16 21:33:03.823 : ---4--> IXI539-Guys-1067-T1.nii.png | 199.89MSE
21-04-16 21:33:03.824 : ---4--> IXI539-Guys-1067-T1.nii.png | 14.14RMSE
21-04-16 21:33:05.577 : ---5--> IXI541-IOP-1146-T1.nii.png | 25.89dB
21-04-16 21:33:05.578 : ---5--> IXI541-IOP-1146-T1.nii.png | 167.47MSE
21-04-16 21:33:05.579 : ---5--> IXI541-IOP-1146-T1.nii.png | 12.94RMSE
21-04-16 21:33:07.126 : ---6--> IXI542-IOP-1147-T1.nii.png | 26.06dB
21-04-16 21:33:07.127 : ---6--> IXI542-IOP-1147-T1.nii.png | 161.06MSE
21-04-16 21:33:07.128 : ---6--> IXI542-IOP-1147-T1.nii.png | 12.69RMSE
21-04-16 21:33:08.787 : ---7--> IXI543-IOP-1148-T1.nii.png | 25.87dB
21-04-16 21:33:08.787 : ---7--> IXI543-IOP-1148-T1.nii.png | 168.16MSE
21-04-16 21:33:08.788 : ---7--> IXI543-IOP-1148-T1.nii.png | 12.97RMSE
21-04-16 21:33:10.225 : ---8--> IXI544-HH-2395-T1.nii.png | 25.33dB
21-04-16 21:33:10.226 : ---8--> IXI544-HH-2395-T1.nii.png | 190.77MSE
21-04-16 21:33:10.227 : ---8--> IXI544-HH-2395-T1.nii.png | 13.81RMSE
21-04-16 21:33:11.721 : ---9--> IXI546-HH-2450-T1.nii.png | 25.27dB
21-04-16 21:33:11.722 : ---9--> IXI546-HH-2450-T1.nii.png | 193.42MSE
21-04-16 21:33:11.722 : ---9--> IXI546-HH-2450-T1.nii.png | 13.91RMSE
21-04-16 21:33:13.134 : --10--> IXI547-IOP-1149-T1.nii.png | 25.98dB
21-04-16 21:33:13.135 : --10--> IXI547-IOP-1149-T1.nii.png | 163.98MSE
21-04-16 21:33:13.136 : --10--> IXI547-IOP-1149-T1.nii.png | 12.81RMSE
21-04-16 21:33:14.581 : --11--> IXI548-IOP-1150-T1.nii.png | 25.89dB
21-04-16 21:33:14.582 : --11--> IXI548-IOP-1150-T1.nii.png | 167.48MSE
21-04-16 21:33:14.582 : --11--> IXI548-IOP-1150-T1.nii.png | 12.94RMSE
21-04-16 21:33:15.915 : --12--> IXI549-Guys-1046-T1.nii.png | 25.37dB
21-04-16 21:33:15.915 : --12--> IXI549-Guys-1046-T1.nii.png | 188.98MSE
21-04-16 21:33:15.916 : --12--> IXI549-Guys-1046-T1.nii.png | 13.75RMSE
21-04-16 21:33:17.257 : --13--> IXI550-Guys-1069-T1.nii.png | 25.39dB
21-04-16 21:33:17.258 : --13--> IXI550-Guys-1069-T1.nii.png | 187.83MSE
21-04-16 21:33:17.259 : --13--> IXI550-Guys-1069-T1.nii.png | 13.71RMSE
21-04-16 21:33:18.889 : --14--> IXI551-Guys-1065-T1.nii.png | 25.34dB
21-04-16 21:33:18.889 : --14--> IXI551-Guys-1065-T1.nii.png | 190.08MSE
21-04-16 21:33:18.890 : --14--> IXI551-Guys-1065-T1.nii.png | 13.79RMSE
21-04-16 21:33:20.397 : --15--> IXI552-Guys-1063-T1.nii.png | 25.28dB
21-04-16 21:33:20.398 : --15--> IXI552-Guys-1063-T1.nii.png | 192.85MSE
21-04-16 21:33:20.398 : --15--> IXI552-Guys-1063-T1.nii.png | 13.89RMSE
21-04-16 21:33:22.037 : --16--> IXI553-IOP-1151-T1.nii.png | 25.79dB
21-04-16 21:33:22.038 : --16--> IXI553-IOP-1151-T1.nii.png | 171.58MSE
21-04-16 21:33:22.039 : --16--> IXI553-IOP-1151-T1.nii.png | 13.10RMSE
21-04-16 21:33:23.450 : --17--> IXI554-Guys-1068-T1.nii.png | 25.29dB
21-04-16 21:33:23.451 : --17--> IXI554-Guys-1068-T1.nii.png | 192.49MSE
21-04-16 21:33:23.452 : --17--> IXI554-Guys-1068-T1.nii.png | 13.87RMSE
21-04-16 21:33:24.964 : --18--> IXI555-Guys-1074-T1.nii.png | 25.42dB
21-04-16 21:33:24.964 : --18--> IXI555-Guys-1074-T1.nii.png | 186.66MSE
21-04-16 21:33:24.965 : --18--> IXI555-Guys-1074-T1.nii.png | 13.66RMSE
21-04-16 21:33:26.508 : --19--> IXI556-HH-2452-T1.nii.png | 25.07dB
21-04-16 21:33:26.509 : --19--> IXI556-HH-2452-T1.nii.png | 202.40MSE
21-04-16 21:33:26.510 : --19--> IXI556-HH-2452-T1.nii.png | 14.23RMSE
21-04-16 21:33:27.943 : --20--> IXI558-Guys-1079-T1.nii.png | 25.39dB
21-04-16 21:33:27.944 : --20--> IXI558-Guys-1079-T1.nii.png | 188.04MSE
21-04-16 21:33:27.945 : --20--> IXI558-Guys-1079-T1.nii.png | 13.71RMSE
21-04-16 21:33:29.657 : --21--> IXI559-HH-2394-T1.nii.png | 25.27dB
21-04-16 21:33:29.658 : --21--> IXI559-HH-2394-T1.nii.png | 193.05MSE
21-04-16 21:33:29.659 : --21--> IXI559-HH-2394-T1.nii.png | 13.89RMSE
21-04-16 21:33:31.066 : --22--> IXI560-Guys-1070-T1.nii.png | 25.28dB
21-04-16 21:33:31.067 : --22--> IXI560-Guys-1070-T1.nii.png | 192.64MSE
21-04-16 21:33:31.068 : --22--> IXI560-Guys-1070-T1.nii.png | 13.88RMSE
21-04-16 21:33:32.848 : --23--> IXI561-IOP-1152-T1.nii.png | 25.74dB
21-04-16 21:33:32.849 : --23--> IXI561-IOP-1152-T1.nii.png | 173.56MSE
21-04-16 21:33:32.849 : --23--> IXI561-IOP-1152-T1.nii.png | 13.17RMSE
21-04-16 21:33:34.252 : --24--> IXI562-Guys-1131-T1.nii.png | 25.42dB
21-04-16 21:33:34.253 : --24--> IXI562-Guys-1131-T1.nii.png | 186.49MSE
21-04-16 21:33:34.253 : --24--> IXI562-Guys-1131-T1.nii.png | 13.66RMSE
21-04-16 21:33:35.988 : --25--> IXI563-IOP-1153-T1.nii.png | 25.84dB
21-04-16 21:33:35.988 : --25--> IXI563-IOP-1153-T1.nii.png | 169.53MSE
21-04-16 21:33:35.989 : --25--> IXI563-IOP-1153-T1.nii.png | 13.02RMSE
21-04-16 21:33:37.971 : --26--> IXI565-HH-2534-T1.nii.png | 25.04dB
21-04-16 21:33:37.972 : --26--> IXI565-HH-2534-T1.nii.png | 203.84MSE
21-04-16 21:33:37.973 : --26--> IXI565-HH-2534-T1.nii.png | 14.28RMSE
21-04-16 21:33:39.788 : --27--> IXI566-HH-2535-T1.nii.png | 25.25dB
21-04-16 21:33:39.789 : --27--> IXI566-HH-2535-T1.nii.png | 194.07MSE
21-04-16 21:33:39.789 : --27--> IXI566-HH-2535-T1.nii.png | 13.93RMSE
21-04-16 21:33:41.603 : --28--> IXI567-HH-2536-T1.nii.png | 25.53dB
21-04-16 21:33:41.603 : --28--> IXI567-HH-2536-T1.nii.png | 182.17MSE
21-04-16 21:33:41.604 : --28--> IXI567-HH-2536-T1.nii.png | 13.50RMSE
21-04-16 21:33:43.245 : --29--> IXI568-HH-2607-T1.nii.png | 25.47dB
21-04-16 21:33:43.246 : --29--> IXI568-HH-2607-T1.nii.png | 184.41MSE
21-04-16 21:33:43.247 : --29--> IXI568-HH-2607-T1.nii.png | 13.58RMSE
21-04-16 21:33:44.710 : --30--> IXI569-Guys-1101-T1.nii.png | 25.39dB
21-04-16 21:33:44.711 : --30--> IXI569-Guys-1101-T1.nii.png | 187.88MSE
21-04-16 21:33:44.713 : --30--> IXI569-Guys-1101-T1.nii.png | 13.71RMSE
21-04-16 21:33:46.429 : --31--> IXI571-IOP-1154-T1.nii.png | 25.91dB
21-04-16 21:33:46.430 : --31--> IXI571-IOP-1154-T1.nii.png | 166.75MSE
21-04-16 21:33:46.431 : --31--> IXI571-IOP-1154-T1.nii.png | 12.91RMSE
21-04-16 21:33:47.839 : --32--> IXI572-HH-2605-T1.nii.png | 25.42dB
21-04-16 21:33:47.839 : --32--> IXI572-HH-2605-T1.nii.png | 186.49MSE
21-04-16 21:33:47.840 : --32--> IXI572-HH-2605-T1.nii.png | 13.66RMSE
21-04-16 21:33:49.545 : --33--> IXI573-IOP-1155-T1.nii.png | 25.87dB
21-04-16 21:33:49.546 : --33--> IXI573-IOP-1155-T1.nii.png | 168.13MSE
21-04-16 21:33:49.546 : --33--> IXI573-IOP-1155-T1.nii.png | 12.97RMSE
21-04-16 21:33:51.634 : --34--> IXI574-IOP-1156-T1.nii.png | 25.89dB
21-04-16 21:33:51.635 : --34--> IXI574-IOP-1156-T1.nii.png | 167.66MSE
21-04-16 21:33:51.636 : --34--> IXI574-IOP-1156-T1.nii.png | 12.95RMSE
21-04-16 21:33:53.207 : --35--> IXI575-HH-2658-T1.nii.png | 25.25dB
21-04-16 21:33:53.208 : --35--> IXI575-HH-2658-T1.nii.png | 194.27MSE
21-04-16 21:33:53.209 : --35--> IXI575-HH-2658-T1.nii.png | 13.94RMSE
21-04-16 21:33:54.718 : --36--> IXI576-Guys-1077-T1.nii.png | 25.35dB
21-04-16 21:33:54.719 : --36--> IXI576-Guys-1077-T1.nii.png | 189.54MSE
21-04-16 21:33:54.720 : --36--> IXI576-Guys-1077-T1.nii.png | 13.77RMSE
21-04-16 21:33:56.411 : --37--> IXI577-HH-2661-T1.nii.png | 25.53dB
21-04-16 21:33:56.412 : --37--> IXI577-HH-2661-T1.nii.png | 181.93MSE
21-04-16 21:33:56.413 : --37--> IXI577-HH-2661-T1.nii.png | 13.49RMSE
21-04-16 21:33:57.977 : --38--> IXI578-Guys-1078-T1.nii.png | 25.34dB
21-04-16 21:33:57.977 : --38--> IXI578-Guys-1078-T1.nii.png | 190.20MSE
21-04-16 21:33:57.978 : --38--> IXI578-Guys-1078-T1.nii.png | 13.79RMSE
21-04-16 21:33:59.517 : --39--> IXI579-Guys-1126-T1.nii.png | 25.34dB
21-04-16 21:33:59.517 : --39--> IXI579-Guys-1126-T1.nii.png | 190.03MSE
21-04-16 21:33:59.518 : --39--> IXI579-Guys-1126-T1.nii.png | 13.78RMSE
21-04-16 21:34:01.113 : --40--> IXI582-Guys-1127-T1.nii.png | 25.34dB
21-04-16 21:34:01.114 : --40--> IXI582-Guys-1127-T1.nii.png | 189.99MSE
21-04-16 21:34:01.115 : --40--> IXI582-Guys-1127-T1.nii.png | 13.78RMSE
21-04-16 21:34:02.545 : --41--> IXI584-Guys-1129-T1.nii.png | 25.29dB
21-04-16 21:34:02.545 : --41--> IXI584-Guys-1129-T1.nii.png | 192.43MSE
21-04-16 21:34:02.546 : --41--> IXI584-Guys-1129-T1.nii.png | 13.87RMSE
21-04-16 21:34:04.516 : --42--> IXI585-Guys-1130-T1.nii.png | 25.34dB
21-04-16 21:34:04.517 : --42--> IXI585-Guys-1130-T1.nii.png | 190.30MSE
21-04-16 21:34:04.518 : --42--> IXI585-Guys-1130-T1.nii.png | 13.80RMSE
21-04-16 21:34:06.487 : --43--> IXI586-HH-2451-T1.nii.png | 25.39dB
21-04-16 21:34:06.488 : --43--> IXI586-HH-2451-T1.nii.png | 187.85MSE
21-04-16 21:34:06.489 : --43--> IXI586-HH-2451-T1.nii.png | 13.71RMSE
21-04-16 21:34:08.079 : --44--> IXI587-Guys-1128-T1.nii.png | 25.36dB
21-04-16 21:34:08.080 : --44--> IXI587-Guys-1128-T1.nii.png | 189.47MSE
21-04-16 21:34:08.081 : --44--> IXI587-Guys-1128-T1.nii.png | 13.76RMSE
21-04-16 21:34:09.478 : --45--> IXI588-IOP-1158-T1.nii.png | 25.73dB
21-04-16 21:34:09.482 : --45--> IXI588-IOP-1158-T1.nii.png | 173.86MSE
21-04-16 21:34:09.484 : --45--> IXI588-IOP-1158-T1.nii.png | 13.19RMSE
21-04-16 21:34:11.131 : --46--> IXI589-Guys-1080-T1.nii.png | 25.51dB
21-04-16 21:34:11.132 : --46--> IXI589-Guys-1080-T1.nii.png | 183.00MSE
21-04-16 21:34:11.133 : --46--> IXI589-Guys-1080-T1.nii.png | 13.53RMSE
21-04-16 21:34:13.028 : --47--> IXI591-Guys-1084-T1.nii.png | 25.45dB
21-04-16 21:34:13.028 : --47--> IXI591-Guys-1084-T1.nii.png | 185.39MSE
21-04-16 21:34:13.029 : --47--> IXI591-Guys-1084-T1.nii.png | 13.62RMSE
21-04-16 21:34:14.706 : --48--> IXI592-Guys-1085-T1.nii.png | 25.39dB
21-04-16 21:34:14.712 : --48--> IXI592-Guys-1085-T1.nii.png | 188.18MSE
21-04-16 21:34:14.713 : --48--> IXI592-Guys-1085-T1.nii.png | 13.72RMSE
21-04-16 21:34:16.100 : --49--> IXI593-Guys-1109-T1.nii.png | 25.70dB
21-04-16 21:34:16.100 : --49--> IXI593-Guys-1109-T1.nii.png | 175.06MSE
21-04-16 21:34:16.101 : --49--> IXI593-Guys-1109-T1.nii.png | 13.23RMSE
21-04-16 21:34:17.328 : --50--> IXI594-Guys-1089-T1.nii.png | 25.15dB
21-04-16 21:34:17.329 : --50--> IXI594-Guys-1089-T1.nii.png | 198.77MSE
21-04-16 21:34:17.329 : --50--> IXI594-Guys-1089-T1.nii.png | 14.10RMSE
21-04-16 21:34:18.568 : --51--> IXI595-IOP-1159-T1.nii.png | 25.90dB
21-04-16 21:34:18.569 : --51--> IXI595-IOP-1159-T1.nii.png | 166.98MSE
21-04-16 21:34:18.570 : --51--> IXI595-IOP-1159-T1.nii.png | 12.92RMSE
21-04-16 21:34:19.804 : --52--> IXI596-IOP-1160-T1.nii.png | 25.83dB
21-04-16 21:34:19.804 : --52--> IXI596-IOP-1160-T1.nii.png | 169.79MSE
21-04-16 21:34:19.805 : --52--> IXI596-IOP-1160-T1.nii.png | 13.03RMSE
21-04-16 21:34:21.044 : --53--> IXI597-IOP-1161-T1.nii.png | 25.87dB
21-04-16 21:34:21.045 : --53--> IXI597-IOP-1161-T1.nii.png | 168.37MSE
21-04-16 21:34:21.045 : --53--> IXI597-IOP-1161-T1.nii.png | 12.98RMSE
21-04-16 21:34:22.344 : --54--> IXI598-HH-2606-T1.nii.png | 25.16dB
21-04-16 21:34:22.345 : --54--> IXI598-HH-2606-T1.nii.png | 198.22MSE
21-04-16 21:34:22.346 : --54--> IXI598-HH-2606-T1.nii.png | 14.08RMSE
21-04-16 21:34:23.628 : --55--> IXI599-HH-2659-T1.nii.png | 25.30dB
21-04-16 21:34:23.629 : --55--> IXI599-HH-2659-T1.nii.png | 191.92MSE
21-04-16 21:34:23.630 : --55--> IXI599-HH-2659-T1.nii.png | 13.85RMSE
21-04-16 21:34:24.924 : --56--> IXI600-HH-2660-T1.nii.png | 25.24dB
21-04-16 21:34:24.925 : --56--> IXI600-HH-2660-T1.nii.png | 194.52MSE
21-04-16 21:34:24.926 : --56--> IXI600-HH-2660-T1.nii.png | 13.95RMSE
21-04-16 21:34:26.240 : --57--> IXI601-HH-2700-T1.nii.png | 25.31dB
21-04-16 21:34:26.241 : --57--> IXI601-HH-2700-T1.nii.png | 191.63MSE
21-04-16 21:34:26.242 : --57--> IXI601-HH-2700-T1.nii.png | 13.84RMSE
21-04-16 21:34:27.579 : --58--> IXI603-HH-2701-T1.nii.png | 25.23dB
21-04-16 21:34:27.580 : --58--> IXI603-HH-2701-T1.nii.png | 194.97MSE
21-04-16 21:34:27.581 : --58--> IXI603-HH-2701-T1.nii.png | 13.96RMSE
21-04-16 21:34:28.795 : --59--> IXI605-HH-2598-T1.nii.png | 25.31dB
21-04-16 21:34:28.798 : --59--> IXI605-HH-2598-T1.nii.png | 191.40MSE
21-04-16 21:34:28.799 : --59--> IXI605-HH-2598-T1.nii.png | 13.83RMSE
21-04-16 21:34:30.113 : --60--> IXI606-HH-2601-T1.nii.png | 25.14dB
21-04-16 21:34:30.117 : --60--> IXI606-HH-2601-T1.nii.png | 199.24MSE
21-04-16 21:34:30.120 : --60--> IXI606-HH-2601-T1.nii.png | 14.12RMSE
21-04-16 21:34:31.327 : --61--> IXI607-Guys-1097-T1.nii.png | 25.32dB
21-04-16 21:34:31.328 : --61--> IXI607-Guys-1097-T1.nii.png | 191.11MSE
21-04-16 21:34:31.330 : --61--> IXI607-Guys-1097-T1.nii.png | 13.82RMSE
21-04-16 21:34:32.544 : --62--> IXI608-HH-2599-T1.nii.png | 25.08dB
21-04-16 21:34:32.545 : --62--> IXI608-HH-2599-T1.nii.png | 202.02MSE
21-04-16 21:34:32.549 : --62--> IXI608-HH-2599-T1.nii.png | 14.21RMSE
21-04-16 21:34:33.861 : --63--> IXI609-HH-2600-T1.nii.png | 25.38dB
21-04-16 21:34:33.863 : --63--> IXI609-HH-2600-T1.nii.png | 188.34MSE
21-04-16 21:34:33.866 : --63--> IXI609-HH-2600-T1.nii.png | 13.72RMSE
21-04-16 21:34:35.068 : --64--> IXI610-HH-2649-T1.nii.png | 25.25dB
21-04-16 21:34:35.069 : --64--> IXI610-HH-2649-T1.nii.png | 194.03MSE
21-04-16 21:34:35.069 : --64--> IXI610-HH-2649-T1.nii.png | 13.93RMSE
21-04-16 21:34:36.237 : --65--> IXI611-HH-2650-T1.nii.png | 25.24dB
21-04-16 21:34:36.237 : --65--> IXI611-HH-2650-T1.nii.png | 194.75MSE
21-04-16 21:34:36.238 : --65--> IXI611-HH-2650-T1.nii.png | 13.96RMSE
21-04-16 21:34:37.492 : --66--> IXI612-HH-2688-T1.nii.png | 25.19dB
21-04-16 21:34:37.495 : --66--> IXI612-HH-2688-T1.nii.png | 197.00MSE
21-04-16 21:34:37.496 : --66--> IXI612-HH-2688-T1.nii.png | 14.04RMSE
21-04-16 21:34:38.725 : --67--> IXI613-HH-2734-T1.nii.png | 25.21dB
21-04-16 21:34:38.725 : --67--> IXI613-HH-2734-T1.nii.png | 195.90MSE
21-04-16 21:34:38.726 : --67--> IXI613-HH-2734-T1.nii.png | 14.00RMSE
21-04-16 21:34:39.909 : --68--> IXI614-HH-2735-T1.nii.png | 25.44dB
21-04-16 21:34:39.910 : --68--> IXI614-HH-2735-T1.nii.png | 185.74MSE
21-04-16 21:34:39.910 : --68--> IXI614-HH-2735-T1.nii.png | 13.63RMSE
21-04-16 21:34:41.420 : --69--> IXI616-Guys-1092-T1.nii.png | 25.36dB
21-04-16 21:34:41.420 : --69--> IXI616-Guys-1092-T1.nii.png | 189.08MSE
21-04-16 21:34:41.421 : --69--> IXI616-Guys-1092-T1.nii.png | 13.75RMSE
21-04-16 21:34:42.669 : --70--> IXI617-Guys-1090-T1.nii.png | 25.32dB
21-04-16 21:34:42.670 : --70--> IXI617-Guys-1090-T1.nii.png | 190.91MSE
21-04-16 21:34:42.670 : --70--> IXI617-Guys-1090-T1.nii.png | 13.82RMSE
21-04-16 21:34:43.920 : --71--> IXI618-Guys-1091-T1.nii.png | 25.29dB
21-04-16 21:34:43.921 : --71--> IXI618-Guys-1091-T1.nii.png | 192.32MSE
21-04-16 21:34:43.922 : --71--> IXI618-Guys-1091-T1.nii.png | 13.87RMSE
21-04-16 21:34:45.131 : --72--> IXI619-Guys-1099-T1.nii.png | 25.26dB
21-04-16 21:34:45.132 : --72--> IXI619-Guys-1099-T1.nii.png | 193.46MSE
21-04-16 21:34:45.133 : --72--> IXI619-Guys-1099-T1.nii.png | 13.91RMSE
21-04-16 21:34:46.380 : --73--> IXI621-Guys-1100-T1.nii.png | 25.36dB
21-04-16 21:34:46.380 : --73--> IXI621-Guys-1100-T1.nii.png | 189.45MSE
21-04-16 21:34:46.381 : --73--> IXI621-Guys-1100-T1.nii.png | 13.76RMSE
21-04-16 21:34:47.617 : --74--> IXI622-Guys-1102-T1.nii.png | 25.27dB
21-04-16 21:34:47.619 : --74--> IXI622-Guys-1102-T1.nii.png | 193.32MSE
21-04-16 21:34:47.620 : --74--> IXI622-Guys-1102-T1.nii.png | 13.90RMSE
21-04-16 21:34:48.849 : --75--> IXI623-Guys-1076-T1.nii.png | 25.32dB
21-04-16 21:34:48.849 : --75--> IXI623-Guys-1076-T1.nii.png | 190.81MSE
21-04-16 21:34:48.850 : --75--> IXI623-Guys-1076-T1.nii.png | 13.81RMSE
21-04-16 21:34:50.092 : --76--> IXI625-Guys-1098-T1.nii.png | 25.23dB
21-04-16 21:34:50.093 : --76--> IXI625-Guys-1098-T1.nii.png | 195.10MSE
21-04-16 21:34:50.093 : --76--> IXI625-Guys-1098-T1.nii.png | 13.97RMSE
21-04-16 21:34:51.348 : --77--> IXI626-Guys-1094-T1.nii.png | 25.27dB
21-04-16 21:34:51.349 : --77--> IXI626-Guys-1094-T1.nii.png | 193.21MSE
21-04-16 21:34:51.349 : --77--> IXI626-Guys-1094-T1.nii.png | 13.90RMSE
21-04-16 21:34:52.580 : --78--> IXI627-Guys-1103-T1.nii.png | 25.33dB
21-04-16 21:34:52.582 : --78--> IXI627-Guys-1103-T1.nii.png | 190.44MSE
21-04-16 21:34:52.583 : --78--> IXI627-Guys-1103-T1.nii.png | 13.80RMSE
21-04-16 21:34:53.795 : --79--> IXI629-Guys-1095-T1.nii.png | 25.21dB
21-04-16 21:34:53.795 : --79--> IXI629-Guys-1095-T1.nii.png | 195.71MSE
21-04-16 21:34:53.796 : --79--> IXI629-Guys-1095-T1.nii.png | 13.99RMSE
21-04-16 21:34:55.030 : --80--> IXI630-Guys-1108-T1.nii.png | 25.20dB
21-04-16 21:34:55.030 : --80--> IXI630-Guys-1108-T1.nii.png | 196.48MSE
21-04-16 21:34:55.032 : --80--> IXI630-Guys-1108-T1.nii.png | 14.02RMSE
21-04-16 21:34:56.192 : --81--> IXI631-HH-2651-T1.nii.png | 25.25dB
21-04-16 21:34:56.192 : --81--> IXI631-HH-2651-T1.nii.png | 194.22MSE
21-04-16 21:34:56.194 : --81--> IXI631-HH-2651-T1.nii.png | 13.94RMSE
21-04-16 21:34:57.349 : --82--> IXI632-HH-2652-T1.nii.png | 25.43dB
21-04-16 21:34:57.351 : --82--> IXI632-HH-2652-T1.nii.png | 186.34MSE
21-04-16 21:34:57.352 : --82--> IXI632-HH-2652-T1.nii.png | 13.65RMSE
21-04-16 21:34:58.537 : --83--> IXI633-HH-2689-T1.nii.png | 25.24dB
21-04-16 21:34:58.538 : --83--> IXI633-HH-2689-T1.nii.png | 194.45MSE
21-04-16 21:34:58.539 : --83--> IXI633-HH-2689-T1.nii.png | 13.94RMSE
21-04-16 21:34:59.720 : --84--> IXI634-HH-2690-T1.nii.png | 25.30dB
21-04-16 21:34:59.722 : --84--> IXI634-HH-2690-T1.nii.png | 191.84MSE
21-04-16 21:34:59.723 : --84--> IXI634-HH-2690-T1.nii.png | 13.85RMSE
21-04-16 21:35:00.881 : --85--> IXI635-HH-2691-T1.nii.png | 25.37dB
21-04-16 21:35:00.882 : --85--> IXI635-HH-2691-T1.nii.png | 188.89MSE
21-04-16 21:35:00.883 : --85--> IXI635-HH-2691-T1.nii.png | 13.74RMSE
21-04-16 21:35:02.116 : --86--> IXI636-HH-2733-T1.nii.png | 25.35dB
21-04-16 21:35:02.117 : --86--> IXI636-HH-2733-T1.nii.png | 189.86MSE
21-04-16 21:35:02.117 : --86--> IXI636-HH-2733-T1.nii.png | 13.78RMSE
21-04-16 21:35:03.347 : --87--> IXI637-HH-2785-T1.nii.png | 25.19dB
21-04-16 21:35:03.348 : --87--> IXI637-HH-2785-T1.nii.png | 196.90MSE
21-04-16 21:35:03.350 : --87--> IXI637-HH-2785-T1.nii.png | 14.03RMSE
21-04-16 21:35:04.597 : --88--> IXI638-HH-2786-T1.nii.png | 25.02dB
21-04-16 21:35:04.598 : --88--> IXI638-HH-2786-T1.nii.png | 204.81MSE
21-04-16 21:35:04.598 : --88--> IXI638-HH-2786-T1.nii.png | 14.31RMSE
21-04-16 21:35:05.842 : --89--> IXI639-Guys-1088-T1.nii.png | 25.19dB
21-04-16 21:35:05.843 : --89--> IXI639-Guys-1088-T1.nii.png | 196.89MSE
21-04-16 21:35:05.845 : --89--> IXI639-Guys-1088-T1.nii.png | 14.03RMSE
21-04-16 21:35:07.053 : --90--> IXI640-Guys-1106-T1.nii.png | 25.25dB
21-04-16 21:35:07.054 : --90--> IXI640-Guys-1106-T1.nii.png | 194.08MSE
21-04-16 21:35:07.056 : --90--> IXI640-Guys-1106-T1.nii.png | 13.93RMSE
21-04-16 21:35:08.297 : --91--> IXI641-Guys-1105-T1.nii.png | 25.15dB
21-04-16 21:35:08.299 : --91--> IXI641-Guys-1105-T1.nii.png | 198.87MSE
21-04-16 21:35:08.299 : --91--> IXI641-Guys-1105-T1.nii.png | 14.10RMSE
21-04-16 21:35:09.548 : --92--> IXI642-Guys-1104-T1.nii.png | 25.32dB
21-04-16 21:35:09.550 : --92--> IXI642-Guys-1104-T1.nii.png | 190.86MSE
21-04-16 21:35:09.551 : --92--> IXI642-Guys-1104-T1.nii.png | 13.82RMSE
21-04-16 21:35:10.817 : --93--> IXI643-HH-2787-T1.nii.png | 25.30dB
21-04-16 21:35:10.818 : --93--> IXI643-HH-2787-T1.nii.png | 192.03MSE
21-04-16 21:35:10.819 : --93--> IXI643-HH-2787-T1.nii.png | 13.86RMSE
21-04-16 21:35:12.159 : --94--> IXI644-Guys-1121-T1.nii.png | 25.18dB
21-04-16 21:35:12.159 : --94--> IXI644-Guys-1121-T1.nii.png | 197.13MSE
21-04-16 21:35:12.160 : --94--> IXI644-Guys-1121-T1.nii.png | 14.04RMSE
21-04-16 21:35:13.461 : --95--> IXI646-HH-2653-T1.nii.png | 25.28dB
21-04-16 21:35:13.463 : --95--> IXI646-HH-2653-T1.nii.png | 192.78MSE
21-04-16 21:35:13.464 : --95--> IXI646-HH-2653-T1.nii.png | 13.88RMSE
21-04-16 21:35:14.753 : --96--> IXI648-Guys-1107-T1.nii.png | 25.38dB
21-04-16 21:35:14.756 : --96--> IXI648-Guys-1107-T1.nii.png | 188.44MSE
21-04-16 21:35:14.758 : --96--> IXI648-Guys-1107-T1.nii.png | 13.73RMSE
21-04-16 21:35:15.978 : --97--> IXI651-Guys-1118-T1.nii.png | 25.32dB
21-04-16 21:35:15.986 : --97--> IXI651-Guys-1118-T1.nii.png | 191.14MSE
21-04-16 21:35:15.987 : --97--> IXI651-Guys-1118-T1.nii.png | 13.83RMSE
21-04-16 21:35:17.165 : --98--> IXI652-Guys-1116-T1.nii.png | 25.28dB
21-04-16 21:35:17.167 : --98--> IXI652-Guys-1116-T1.nii.png | 192.75MSE
21-04-16 21:35:17.167 : --98--> IXI652-Guys-1116-T1.nii.png | 13.88RMSE
21-04-16 21:35:18.361 : --99--> IXI653-Guys-1122-T1.nii.png | 25.35dB
21-04-16 21:35:18.362 : --99--> IXI653-Guys-1122-T1.nii.png | 189.78MSE
21-04-16 21:35:18.362 : --99--> IXI653-Guys-1122-T1.nii.png | 13.78RMSE
21-04-16 21:35:19.554 : -100--> IXI661-HH-2788-T1.nii.png | 25.26dB
21-04-16 21:35:19.555 : -100--> IXI661-HH-2788-T1.nii.png | 193.89MSE
21-04-16 21:35:19.556 : -100--> IXI661-HH-2788-T1.nii.png | 13.92RMSE
21-04-16 21:35:20.745 : -101--> IXI662-Guys-1120-T1.nii.png | 25.36dB
21-04-16 21:35:20.746 : -101--> IXI662-Guys-1120-T1.nii.png | 189.21MSE
21-04-16 21:35:20.747 : -101--> IXI662-Guys-1120-T1.nii.png | 13.76RMSE
21-04-16 21:35:20.769 : <epoch: 49, iter:  24,000, Average PSNR : 25.39dB

21-04-16 21:35:20.770 : <epoch: 49, iter:  24,000, Average MSE : 188.29

21-04-16 21:35:20.770 : <epoch: 49, iter:  24,000, Average RMSE : 13.72

21-04-16 21:35:20.830 : Saving the final model.
21-04-16 21:35:20.841 : End of training.
